<?xml version="1.0" encoding="UTF-8"?>
<testsuite xmlns:xsi="http://www.w3.org/2001/XMLSchema-instance" xsi:noNamespaceSchemaLocation="https://maven.apache.org/surefire/maven-surefire-plugin/xsd/surefire-test-report.xsd" name="fr.yorkgangsta.pluginrp.PluginTest" time="0.033" tests="1" errors="0" skipped="0" failures="0">
  <properties>
    <property name="java.specification.version" value="17"/>
    <property name="sun.jnu.encoding" value="UTF-8"/>
    <property name="java.class.path" value="/home/bigyass/Documents/Dev/Plugin Minecraft/pluginrp/target/test-classes:/home/bigyass/Documents/Dev/Plugin Minecraft/pluginrp/target/classes:/home/bigyass/.m2/repository/junit/junit/4.11/junit-4.11.jar:/home/bigyass/.m2/repository/org/hamcrest/hamcrest-core/1.3/hamcrest-core-1.3.jar:/home/bigyass/.m2/repository/org/spigotmc/spigot-api/1.19.4-R0.1-SNAPSHOT/spigot-api-1.19.4-R0.1-SNAPSHOT.jar:/home/bigyass/.m2/repository/com/google/guava/guava/31.1-jre/guava-31.1-jre.jar:/home/bigyass/.m2/repository/com/google/guava/failureaccess/1.0.1/failureaccess-1.0.1.jar:/home/bigyass/.m2/repository/com/google/guava/listenablefuture/9999.0-empty-to-avoid-conflict-with-guava/listenablefuture-9999.0-empty-to-avoid-conflict-with-guava.jar:/home/bigyass/.m2/repository/com/google/code/findbugs/jsr305/3.0.2/jsr305-3.0.2.jar:/home/bigyass/.m2/repository/org/checkerframework/checker-qual/3.12.0/checker-qual-3.12.0.jar:/home/bigyass/.m2/repository/com/google/errorprone/error_prone_annotations/2.11.0/error_prone_annotations-2.11.0.jar:/home/bigyass/.m2/repository/com/google/j2objc/j2objc-annotations/1.3/j2objc-annotations-1.3.jar:/home/bigyass/.m2/repository/com/google/code/gson/gson/2.10/gson-2.10.jar:/home/bigyass/.m2/repository/org/joml/joml/1.10.5/joml-1.10.5.jar:/home/bigyass/.m2/repository/net/md-5/bungeecord-chat/1.16-R0.4/bungeecord-chat-1.16-R0.4.jar:/home/bigyass/.m2/repository/org/yaml/snakeyaml/1.33/snakeyaml-1.33.jar:"/>
    <property name="java.vm.vendor" value="Debian"/>
    <property name="sun.arch.data.model" value="64"/>
    <property name="swing.aatext" value="true"/>
    <property name="java.vendor.url" value="https://tracker.debian.org/openjdk-17"/>
    <property name="os.name" value="Linux"/>
    <property name="java.vm.specification.version" value="17"/>
    <property name="sun.java.launcher" value="SUN_STANDARD"/>
    <property name="user.country" value="US"/>
    <property name="sun.boot.library.path" value="/usr/lib/jvm/java-17-openjdk-amd64/lib"/>
    <property name="sun.java.command" value="/home/bigyass/Documents/Dev/Plugin Minecraft/pluginrp/target/surefire/surefirebooter16130599079259339970.jar /home/bigyass/Documents/Dev/Plugin Minecraft/pluginrp/target/surefire 2023-04-06T21-40-44_128-jvmRun1 surefire10501123754068074616tmp surefire_014719871931018009750tmp"/>
    <property name="jdk.debug" value="release"/>
    <property name="surefire.test.class.path" value="/home/bigyass/Documents/Dev/Plugin Minecraft/pluginrp/target/test-classes:/home/bigyass/Documents/Dev/Plugin Minecraft/pluginrp/target/classes:/home/bigyass/.m2/repository/junit/junit/4.11/junit-4.11.jar:/home/bigyass/.m2/repository/org/hamcrest/hamcrest-core/1.3/hamcrest-core-1.3.jar:/home/bigyass/.m2/repository/org/spigotmc/spigot-api/1.19.4-R0.1-SNAPSHOT/spigot-api-1.19.4-R0.1-SNAPSHOT.jar:/home/bigyass/.m2/repository/com/google/guava/guava/31.1-jre/guava-31.1-jre.jar:/home/bigyass/.m2/repository/com/google/guava/failureaccess/1.0.1/failureaccess-1.0.1.jar:/home/bigyass/.m2/repository/com/google/guava/listenablefuture/9999.0-empty-to-avoid-conflict-with-guava/listenablefuture-9999.0-empty-to-avoid-conflict-with-guava.jar:/home/bigyass/.m2/repository/com/google/code/findbugs/jsr305/3.0.2/jsr305-3.0.2.jar:/home/bigyass/.m2/repository/org/checkerframework/checker-qual/3.12.0/checker-qual-3.12.0.jar:/home/bigyass/.m2/repository/com/google/errorprone/error_prone_annotations/2.11.0/error_prone_annotations-2.11.0.jar:/home/bigyass/.m2/repository/com/google/j2objc/j2objc-annotations/1.3/j2objc-annotations-1.3.jar:/home/bigyass/.m2/repository/com/google/code/gson/gson/2.10/gson-2.10.jar:/home/bigyass/.m2/repository/org/joml/joml/1.10.5/joml-1.10.5.jar:/home/bigyass/.m2/repository/net/md-5/bungeecord-chat/1.16-R0.4/bungeecord-chat-1.16-R0.4.jar:/home/bigyass/.m2/repository/org/yaml/snakeyaml/1.33/snakeyaml-1.33.jar:"/>
    <property name="sun.cpu.endian" value="little"/>
    <property name="user.home" value="/home/bigyass"/>
    <property name="user.language" value="en"/>
    <property name="java.specification.vendor" value="Oracle Corporation"/>
    <property name="java.version.date" value="2023-01-17"/>
    <property name="java.home" value="/usr/lib/jvm/java-17-openjdk-amd64"/>
    <property name="file.separator" value="/"/>
    <property name="basedir" value="/home/bigyass/Documents/Dev/Plugin Minecraft/pluginrp"/>
    <property name="java.vm.compressedOopsMode" value="Zero based"/>
    <property name="line.separator" value="&#10;"/>
    <property name="java.specification.name" value="Java Platform API Specification"/>
    <property name="java.vm.specification.vendor" value="Oracle Corporation"/>
    <property name="surefire.real.class.path" value="/home/bigyass/Documents/Dev/Plugin Minecraft/pluginrp/target/surefire/surefirebooter16130599079259339970.jar"/>
    <property name="awt.useSystemAAFontSettings" value="on"/>
    <property name="sun.management.compiler" value="HotSpot 64-Bit Tiered Compilers"/>
    <property name="java.runtime.version" value="17.0.6+10-Debian-1"/>
    <property name="user.name" value="bigyass"/>
    <property name="path.separator" value=":"/>
    <property name="os.version" value="6.1.0-kali5-amd64"/>
    <property name="java.runtime.name" value="OpenJDK Runtime Environment"/>
    <property name="file.encoding" value="UTF-8"/>
    <property name="java.vm.name" value="OpenJDK 64-Bit Server VM"/>
    <property name="localRepository" value="/home/bigyass/.m2/repository"/>
    <property name="java.vendor.url.bug" value="https://bugs.debian.org/openjdk-17"/>
    <property name="java.io.tmpdir" value="/tmp"/>
    <property name="java.version" value="17.0.6"/>
    <property name="user.dir" value="/home/bigyass/Documents/Dev/Plugin Minecraft/pluginrp"/>
    <property name="os.arch" value="amd64"/>
    <property name="java.vm.specification.name" value="Java Virtual Machine Specification"/>
    <property name="native.encoding" value="UTF-8"/>
    <property name="java.library.path" value="/usr/java/packages/lib:/usr/lib/x86_64-linux-gnu/jni:/lib/x86_64-linux-gnu:/usr/lib/x86_64-linux-gnu:/usr/lib/jni:/lib:/usr/lib"/>
    <property name="java.vm.info" value="mixed mode, sharing"/>
    <property name="java.vendor" value="Debian"/>
    <property name="java.vm.version" value="17.0.6+10-Debian-1"/>
    <property name="sun.io.unicode.encoding" value="UnicodeLittle"/>
    <property name="java.class.version" value="61.0"/>
  </properties>
  <testcase name="shouldAnswerWithTrue" classname="fr.yorkgangsta.pluginrp.PluginTest" time="0.001"/>
</testsuite>